[0.098s] DEBUG:colcon:Command line arguments: ['/usr/bin/colcon', 'build', '--packages-select', 'mowen_navigation']
[0.098s] DEBUG:colcon:Parsed command line arguments: Namespace(log_base=None, log_level=None, verb_name='build', build_base='build', install_base='install', merge_install=False, symlink_install=False, test_result_base=None, continue_on_error=False, executor='parallel', parallel_workers=32, event_handlers=None, ignore_user_meta=False, metas=['./colcon.meta'], base_paths=['.'], packages_ignore=None, packages_ignore_regex=None, paths=None, packages_up_to=None, packages_up_to_regex=None, packages_above=None, packages_above_and_dependencies=None, packages_above_depth=None, packages_select_by_dep=None, packages_skip_by_dep=None, packages_skip_up_to=None, packages_select_build_failed=False, packages_skip_build_finished=False, packages_select_test_failures=False, packages_skip_test_passed=False, packages_select=['mowen_navigation'], packages_skip=None, packages_select_regex=None, packages_skip_regex=None, packages_start=None, packages_end=None, allow_overriding=[], cmake_args=None, cmake_target=None, cmake_target_skip_unavailable=False, cmake_clean_cache=False, cmake_clean_first=False, cmake_force_configure=False, ament_cmake_args=None, catkin_cmake_args=None, catkin_skip_building_tests=False, verb_parser=<colcon_defaults.argument_parser.defaults.DefaultArgumentsDecorator object at 0x75ff56d7ac30>, verb_extension=<colcon_core.verb.build.BuildVerb object at 0x75ff56d79a90>, main=<bound method BuildVerb.main of <colcon_core.verb.build.BuildVerb object at 0x75ff56d79a90>>)
[0.135s] Level 1:colcon.colcon_core.package_discovery:discover_packages(colcon_meta) check parameters
[0.135s] Level 1:colcon.colcon_core.package_discovery:discover_packages(recursive) check parameters
[0.135s] Level 1:colcon.colcon_core.package_discovery:discover_packages(ignore) check parameters
[0.135s] Level 1:colcon.colcon_core.package_discovery:discover_packages(path) check parameters
[0.135s] Level 1:colcon.colcon_core.package_discovery:discover_packages(colcon_meta) discover
[0.135s] Level 1:colcon.colcon_core.package_discovery:discover_packages(recursive) discover
[0.135s] INFO:colcon.colcon_core.package_discovery:Crawling recursively for packages in '/home/qc/resource/code/ros2/mowen'
[0.135s] Level 1:colcon.colcon_core.package_identification:_identify(.) by extensions ['ignore', 'ignore_ament_install']
[0.135s] Level 1:colcon.colcon_core.package_identification:_identify(.) by extension 'ignore'
[0.135s] Level 1:colcon.colcon_core.package_identification:_identify(.) by extension 'ignore_ament_install'
[0.135s] Level 1:colcon.colcon_core.package_identification:_identify(.) by extensions ['colcon_pkg']
[0.135s] Level 1:colcon.colcon_core.package_identification:_identify(.) by extension 'colcon_pkg'
[0.135s] Level 1:colcon.colcon_core.package_identification:_identify(.) by extensions ['colcon_meta']
[0.135s] Level 1:colcon.colcon_core.package_identification:_identify(.) by extension 'colcon_meta'
[0.135s] Level 1:colcon.colcon_core.package_identification:_identify(.) by extensions ['ros']
[0.135s] Level 1:colcon.colcon_core.package_identification:_identify(.) by extension 'ros'
[0.156s] Level 1:colcon.colcon_core.package_identification:_identify(.) by extensions ['cmake', 'python']
[0.156s] Level 1:colcon.colcon_core.package_identification:_identify(.) by extension 'cmake'
[0.156s] Level 1:colcon.colcon_core.package_identification:_identify(.) by extension 'python'
[0.157s] Level 1:colcon.colcon_core.package_identification:_identify(.) by extensions ['python_setup_py']
[0.157s] Level 1:colcon.colcon_core.package_identification:_identify(.) by extension 'python_setup_py'
[0.157s] Level 1:colcon.colcon_core.package_identification:_identify(build) by extensions ['ignore', 'ignore_ament_install']
[0.157s] Level 1:colcon.colcon_core.package_identification:_identify(build) by extension 'ignore'
[0.157s] Level 1:colcon.colcon_core.package_identification:_identify(build) ignored
[0.157s] Level 1:colcon.colcon_core.package_identification:_identify(docker) by extensions ['ignore', 'ignore_ament_install']
[0.157s] Level 1:colcon.colcon_core.package_identification:_identify(docker) by extension 'ignore'
[0.157s] Level 1:colcon.colcon_core.package_identification:_identify(docker) by extension 'ignore_ament_install'
[0.157s] Level 1:colcon.colcon_core.package_identification:_identify(docker) by extensions ['colcon_pkg']
[0.157s] Level 1:colcon.colcon_core.package_identification:_identify(docker) by extension 'colcon_pkg'
[0.157s] Level 1:colcon.colcon_core.package_identification:_identify(docker) by extensions ['colcon_meta']
[0.157s] Level 1:colcon.colcon_core.package_identification:_identify(docker) by extension 'colcon_meta'
[0.157s] Level 1:colcon.colcon_core.package_identification:_identify(docker) by extensions ['ros']
[0.157s] Level 1:colcon.colcon_core.package_identification:_identify(docker) by extension 'ros'
[0.157s] Level 1:colcon.colcon_core.package_identification:_identify(docker) by extensions ['cmake', 'python']
[0.157s] Level 1:colcon.colcon_core.package_identification:_identify(docker) by extension 'cmake'
[0.157s] Level 1:colcon.colcon_core.package_identification:_identify(docker) by extension 'python'
[0.157s] Level 1:colcon.colcon_core.package_identification:_identify(docker) by extensions ['python_setup_py']
[0.157s] Level 1:colcon.colcon_core.package_identification:_identify(docker) by extension 'python_setup_py'
[0.157s] Level 1:colcon.colcon_core.package_identification:_identify(docker/workspace) by extensions ['ignore', 'ignore_ament_install']
[0.158s] Level 1:colcon.colcon_core.package_identification:_identify(docker/workspace) by extension 'ignore'
[0.158s] Level 1:colcon.colcon_core.package_identification:_identify(docker/workspace) by extension 'ignore_ament_install'
[0.158s] Level 1:colcon.colcon_core.package_identification:_identify(docker/workspace) by extensions ['colcon_pkg']
[0.158s] Level 1:colcon.colcon_core.package_identification:_identify(docker/workspace) by extension 'colcon_pkg'
[0.158s] Level 1:colcon.colcon_core.package_identification:_identify(docker/workspace) by extensions ['colcon_meta']
[0.158s] Level 1:colcon.colcon_core.package_identification:_identify(docker/workspace) by extension 'colcon_meta'
[0.158s] Level 1:colcon.colcon_core.package_identification:_identify(docker/workspace) by extensions ['ros']
[0.158s] Level 1:colcon.colcon_core.package_identification:_identify(docker/workspace) by extension 'ros'
[0.158s] Level 1:colcon.colcon_core.package_identification:_identify(docker/workspace) by extensions ['cmake', 'python']
[0.158s] Level 1:colcon.colcon_core.package_identification:_identify(docker/workspace) by extension 'cmake'
[0.158s] Level 1:colcon.colcon_core.package_identification:_identify(docker/workspace) by extension 'python'
[0.158s] Level 1:colcon.colcon_core.package_identification:_identify(docker/workspace) by extensions ['python_setup_py']
[0.158s] Level 1:colcon.colcon_core.package_identification:_identify(docker/workspace) by extension 'python_setup_py'
[0.158s] Level 1:colcon.colcon_core.package_identification:_identify(docs) by extensions ['ignore', 'ignore_ament_install']
[0.158s] Level 1:colcon.colcon_core.package_identification:_identify(docs) by extension 'ignore'
[0.158s] Level 1:colcon.colcon_core.package_identification:_identify(docs) by extension 'ignore_ament_install'
[0.158s] Level 1:colcon.colcon_core.package_identification:_identify(docs) by extensions ['colcon_pkg']
[0.158s] Level 1:colcon.colcon_core.package_identification:_identify(docs) by extension 'colcon_pkg'
[0.158s] Level 1:colcon.colcon_core.package_identification:_identify(docs) by extensions ['colcon_meta']
[0.158s] Level 1:colcon.colcon_core.package_identification:_identify(docs) by extension 'colcon_meta'
[0.158s] Level 1:colcon.colcon_core.package_identification:_identify(docs) by extensions ['ros']
[0.158s] Level 1:colcon.colcon_core.package_identification:_identify(docs) by extension 'ros'
[0.158s] Level 1:colcon.colcon_core.package_identification:_identify(docs) by extensions ['cmake', 'python']
[0.158s] Level 1:colcon.colcon_core.package_identification:_identify(docs) by extension 'cmake'
[0.158s] Level 1:colcon.colcon_core.package_identification:_identify(docs) by extension 'python'
[0.158s] Level 1:colcon.colcon_core.package_identification:_identify(docs) by extensions ['python_setup_py']
[0.158s] Level 1:colcon.colcon_core.package_identification:_identify(docs) by extension 'python_setup_py'
[0.158s] Level 1:colcon.colcon_core.package_identification:_identify(install) by extensions ['ignore', 'ignore_ament_install']
[0.158s] Level 1:colcon.colcon_core.package_identification:_identify(install) by extension 'ignore'
[0.158s] Level 1:colcon.colcon_core.package_identification:_identify(install) ignored
[0.158s] Level 1:colcon.colcon_core.package_identification:_identify(log) by extensions ['ignore', 'ignore_ament_install']
[0.158s] Level 1:colcon.colcon_core.package_identification:_identify(log) by extension 'ignore'
[0.158s] Level 1:colcon.colcon_core.package_identification:_identify(log) ignored
[0.159s] Level 1:colcon.colcon_core.package_identification:_identify(scripts) by extensions ['ignore', 'ignore_ament_install']
[0.159s] Level 1:colcon.colcon_core.package_identification:_identify(scripts) by extension 'ignore'
[0.159s] Level 1:colcon.colcon_core.package_identification:_identify(scripts) by extension 'ignore_ament_install'
[0.159s] Level 1:colcon.colcon_core.package_identification:_identify(scripts) by extensions ['colcon_pkg']
[0.159s] Level 1:colcon.colcon_core.package_identification:_identify(scripts) by extension 'colcon_pkg'
[0.159s] Level 1:colcon.colcon_core.package_identification:_identify(scripts) by extensions ['colcon_meta']
[0.159s] Level 1:colcon.colcon_core.package_identification:_identify(scripts) by extension 'colcon_meta'
[0.159s] Level 1:colcon.colcon_core.package_identification:_identify(scripts) by extensions ['ros']
[0.159s] Level 1:colcon.colcon_core.package_identification:_identify(scripts) by extension 'ros'
[0.159s] Level 1:colcon.colcon_core.package_identification:_identify(scripts) by extensions ['cmake', 'python']
[0.159s] Level 1:colcon.colcon_core.package_identification:_identify(scripts) by extension 'cmake'
[0.159s] Level 1:colcon.colcon_core.package_identification:_identify(scripts) by extension 'python'
[0.159s] Level 1:colcon.colcon_core.package_identification:_identify(scripts) by extensions ['python_setup_py']
[0.159s] Level 1:colcon.colcon_core.package_identification:_identify(scripts) by extension 'python_setup_py'
[0.159s] Level 1:colcon.colcon_core.package_identification:_identify(src) by extensions ['ignore', 'ignore_ament_install']
[0.159s] Level 1:colcon.colcon_core.package_identification:_identify(src) by extension 'ignore'
[0.159s] Level 1:colcon.colcon_core.package_identification:_identify(src) by extension 'ignore_ament_install'
[0.159s] Level 1:colcon.colcon_core.package_identification:_identify(src) by extensions ['colcon_pkg']
[0.159s] Level 1:colcon.colcon_core.package_identification:_identify(src) by extension 'colcon_pkg'
[0.159s] Level 1:colcon.colcon_core.package_identification:_identify(src) by extensions ['colcon_meta']
[0.159s] Level 1:colcon.colcon_core.package_identification:_identify(src) by extension 'colcon_meta'
[0.159s] Level 1:colcon.colcon_core.package_identification:_identify(src) by extensions ['ros']
[0.159s] Level 1:colcon.colcon_core.package_identification:_identify(src) by extension 'ros'
[0.159s] Level 1:colcon.colcon_core.package_identification:_identify(src) by extensions ['cmake', 'python']
[0.159s] Level 1:colcon.colcon_core.package_identification:_identify(src) by extension 'cmake'
[0.159s] Level 1:colcon.colcon_core.package_identification:_identify(src) by extension 'python'
[0.159s] Level 1:colcon.colcon_core.package_identification:_identify(src) by extensions ['python_setup_py']
[0.159s] Level 1:colcon.colcon_core.package_identification:_identify(src) by extension 'python_setup_py'
[0.159s] Level 1:colcon.colcon_core.package_identification:_identify(src/mowen_cartographer) by extensions ['ignore', 'ignore_ament_install']
[0.159s] Level 1:colcon.colcon_core.package_identification:_identify(src/mowen_cartographer) by extension 'ignore'
[0.159s] Level 1:colcon.colcon_core.package_identification:_identify(src/mowen_cartographer) by extension 'ignore_ament_install'
[0.160s] Level 1:colcon.colcon_core.package_identification:_identify(src/mowen_cartographer) by extensions ['colcon_pkg']
[0.160s] Level 1:colcon.colcon_core.package_identification:_identify(src/mowen_cartographer) by extension 'colcon_pkg'
[0.160s] Level 1:colcon.colcon_core.package_identification:_identify(src/mowen_cartographer) by extensions ['colcon_meta']
[0.160s] Level 1:colcon.colcon_core.package_identification:_identify(src/mowen_cartographer) by extension 'colcon_meta'
[0.160s] Level 1:colcon.colcon_core.package_identification:_identify(src/mowen_cartographer) by extensions ['ros']
[0.160s] Level 1:colcon.colcon_core.package_identification:_identify(src/mowen_cartographer) by extension 'ros'
[0.162s] DEBUG:colcon.colcon_core.package_identification:Package 'src/mowen_cartographer' with type 'ros.ament_cmake' and name 'mowen_cartographer'
[0.162s] Level 1:colcon.colcon_core.package_identification:_identify(src/mowen_gazebo) by extensions ['ignore', 'ignore_ament_install']
[0.162s] Level 1:colcon.colcon_core.package_identification:_identify(src/mowen_gazebo) by extension 'ignore'
[0.162s] Level 1:colcon.colcon_core.package_identification:_identify(src/mowen_gazebo) by extension 'ignore_ament_install'
[0.162s] Level 1:colcon.colcon_core.package_identification:_identify(src/mowen_gazebo) by extensions ['colcon_pkg']
[0.162s] Level 1:colcon.colcon_core.package_identification:_identify(src/mowen_gazebo) by extension 'colcon_pkg'
[0.162s] Level 1:colcon.colcon_core.package_identification:_identify(src/mowen_gazebo) by extensions ['colcon_meta']
[0.162s] Level 1:colcon.colcon_core.package_identification:_identify(src/mowen_gazebo) by extension 'colcon_meta'
[0.162s] Level 1:colcon.colcon_core.package_identification:_identify(src/mowen_gazebo) by extensions ['ros']
[0.162s] Level 1:colcon.colcon_core.package_identification:_identify(src/mowen_gazebo) by extension 'ros'
[0.163s] DEBUG:colcon.colcon_core.package_identification:Package 'src/mowen_gazebo' with type 'ros.ament_cmake' and name 'mowen_gazebo'
[0.163s] Level 1:colcon.colcon_core.package_identification:_identify(src/mowen_navigation) by extensions ['ignore', 'ignore_ament_install']
[0.163s] Level 1:colcon.colcon_core.package_identification:_identify(src/mowen_navigation) by extension 'ignore'
[0.163s] Level 1:colcon.colcon_core.package_identification:_identify(src/mowen_navigation) by extension 'ignore_ament_install'
[0.163s] Level 1:colcon.colcon_core.package_identification:_identify(src/mowen_navigation) by extensions ['colcon_pkg']
[0.163s] Level 1:colcon.colcon_core.package_identification:_identify(src/mowen_navigation) by extension 'colcon_pkg'
[0.163s] Level 1:colcon.colcon_core.package_identification:_identify(src/mowen_navigation) by extensions ['colcon_meta']
[0.163s] Level 1:colcon.colcon_core.package_identification:_identify(src/mowen_navigation) by extension 'colcon_meta'
[0.163s] Level 1:colcon.colcon_core.package_identification:_identify(src/mowen_navigation) by extensions ['ros']
[0.163s] Level 1:colcon.colcon_core.package_identification:_identify(src/mowen_navigation) by extension 'ros'
[0.164s] DEBUG:colcon.colcon_core.package_identification:Package 'src/mowen_navigation' with type 'ros.ament_cmake' and name 'mowen_navigation'
[0.164s] Level 1:colcon.colcon_core.package_discovery:discover_packages(recursive) using defaults
[0.164s] Level 1:colcon.colcon_core.package_discovery:discover_packages(ignore) discover
[0.164s] Level 1:colcon.colcon_core.package_discovery:discover_packages(ignore) using defaults
[0.164s] Level 1:colcon.colcon_core.package_discovery:discover_packages(path) discover
[0.164s] Level 1:colcon.colcon_core.package_discovery:discover_packages(path) using defaults
[0.177s] INFO:colcon.colcon_core.package_selection:Skipping not selected package 'mowen_cartographer' in 'src/mowen_cartographer'
[0.177s] INFO:colcon.colcon_core.package_selection:Skipping not selected package 'mowen_gazebo' in 'src/mowen_gazebo'
[0.178s] Level 1:colcon.colcon_core.package_discovery:discover_packages(prefix_path) check parameters
[0.178s] Level 1:colcon.colcon_core.package_discovery:discover_packages(prefix_path) discover
[0.183s] DEBUG:colcon.colcon_installed_package_information.package_discovery:Found 340 installed packages in /opt/ros/jazzy
[0.184s] Level 1:colcon.colcon_core.package_discovery:discover_packages(prefix_path) using defaults
[0.218s] Level 5:colcon.colcon_core.verb:set package 'mowen_navigation' build argument 'cmake_args' from command line to 'None'
[0.219s] Level 5:colcon.colcon_core.verb:set package 'mowen_navigation' build argument 'cmake_target' from command line to 'None'
[0.219s] Level 5:colcon.colcon_core.verb:set package 'mowen_navigation' build argument 'cmake_target_skip_unavailable' from command line to 'False'
[0.219s] Level 5:colcon.colcon_core.verb:set package 'mowen_navigation' build argument 'cmake_clean_cache' from command line to 'False'
[0.219s] Level 5:colcon.colcon_core.verb:set package 'mowen_navigation' build argument 'cmake_clean_first' from command line to 'False'
[0.219s] Level 5:colcon.colcon_core.verb:set package 'mowen_navigation' build argument 'cmake_force_configure' from command line to 'False'
[0.219s] Level 5:colcon.colcon_core.verb:set package 'mowen_navigation' build argument 'ament_cmake_args' from command line to 'None'
[0.219s] Level 5:colcon.colcon_core.verb:set package 'mowen_navigation' build argument 'catkin_cmake_args' from command line to 'None'
[0.219s] Level 5:colcon.colcon_core.verb:set package 'mowen_navigation' build argument 'catkin_skip_building_tests' from command line to 'False'
[0.219s] DEBUG:colcon.colcon_core.verb:Building package 'mowen_navigation' with the following arguments: {'ament_cmake_args': None, 'build_base': '/home/qc/resource/code/ros2/mowen/build/mowen_navigation', 'catkin_cmake_args': None, 'catkin_skip_building_tests': False, 'cmake_args': None, 'cmake_clean_cache': False, 'cmake_clean_first': False, 'cmake_force_configure': False, 'cmake_target': None, 'cmake_target_skip_unavailable': False, 'install_base': '/home/qc/resource/code/ros2/mowen/install/mowen_navigation', 'merge_install': False, 'path': '/home/qc/resource/code/ros2/mowen/src/mowen_navigation', 'symlink_install': False, 'test_result_base': None}
[0.219s] INFO:colcon.colcon_core.executor:Executing jobs using 'parallel' executor
[0.220s] DEBUG:colcon.colcon_parallel_executor.executor.parallel:run_until_complete
[0.220s] INFO:colcon.colcon_ros.task.ament_cmake.build:Building ROS package in '/home/qc/resource/code/ros2/mowen/src/mowen_navigation' with build type 'ament_cmake'
[0.220s] INFO:colcon.colcon_cmake.task.cmake.build:Building CMake package in '/home/qc/resource/code/ros2/mowen/src/mowen_navigation'
[0.223s] INFO:colcon.colcon_core.plugin_system:Skipping extension 'colcon_core.shell.bat': Not used on non-Windows systems
[0.223s] INFO:colcon.colcon_core.shell:Skip shell extension 'powershell' for command environment: Not usable outside of PowerShell
[0.223s] DEBUG:colcon.colcon_core.shell:Skip shell extension 'dsv' for command environment
[0.230s] DEBUG:colcon.colcon_core.event_handler.log_command:Invoking command in '/home/qc/resource/code/ros2/mowen/build/mowen_navigation': CMAKE_PREFIX_PATH=${CMAKE_PREFIX_PATH}:/opt/ros/jazzy DEBUGINFOD_URLS=https://debuginfod.ubuntu.com /usr/bin/cmake /home/qc/resource/code/ros2/mowen/src/mowen_navigation -DCMAKE_INSTALL_PREFIX=/home/qc/resource/code/ros2/mowen/install/mowen_navigation
[0.921s] DEBUG:colcon.colcon_core.event_handler.log_command:Invoked command in '/home/qc/resource/code/ros2/mowen/build/mowen_navigation' returned '0': CMAKE_PREFIX_PATH=${CMAKE_PREFIX_PATH}:/opt/ros/jazzy DEBUGINFOD_URLS=https://debuginfod.ubuntu.com /usr/bin/cmake /home/qc/resource/code/ros2/mowen/src/mowen_navigation -DCMAKE_INSTALL_PREFIX=/home/qc/resource/code/ros2/mowen/install/mowen_navigation
[0.922s] DEBUG:colcon.colcon_core.event_handler.log_command:Invoking command in '/home/qc/resource/code/ros2/mowen/build/mowen_navigation': CMAKE_PREFIX_PATH=${CMAKE_PREFIX_PATH}:/opt/ros/jazzy DEBUGINFOD_URLS=https://debuginfod.ubuntu.com /usr/bin/cmake --build /home/qc/resource/code/ros2/mowen/build/mowen_navigation -- -j32 -l32
[0.960s] DEBUG:colcon.colcon_core.event_handler.log_command:Invoked command in '/home/qc/resource/code/ros2/mowen/build/mowen_navigation' returned '0': CMAKE_PREFIX_PATH=${CMAKE_PREFIX_PATH}:/opt/ros/jazzy DEBUGINFOD_URLS=https://debuginfod.ubuntu.com /usr/bin/cmake --build /home/qc/resource/code/ros2/mowen/build/mowen_navigation -- -j32 -l32
[0.968s] DEBUG:colcon.colcon_core.event_handler.log_command:Invoking command in '/home/qc/resource/code/ros2/mowen/build/mowen_navigation': CMAKE_PREFIX_PATH=${CMAKE_PREFIX_PATH}:/opt/ros/jazzy DEBUGINFOD_URLS=https://debuginfod.ubuntu.com /usr/bin/cmake --install /home/qc/resource/code/ros2/mowen/build/mowen_navigation
[0.979s] Level 1:colcon.colcon_core.environment:create_environment_scripts_only(mowen_navigation)
[0.979s] DEBUG:colcon.colcon_core.event_handler.log_command:Invoked command in '/home/qc/resource/code/ros2/mowen/build/mowen_navigation' returned '0': CMAKE_PREFIX_PATH=${CMAKE_PREFIX_PATH}:/opt/ros/jazzy DEBUGINFOD_URLS=https://debuginfod.ubuntu.com /usr/bin/cmake --install /home/qc/resource/code/ros2/mowen/build/mowen_navigation
[0.982s] Level 1:colcon.colcon_core.environment:checking '/home/qc/resource/code/ros2/mowen/install/mowen_navigation' for CMake module files
[0.982s] Level 1:colcon.colcon_core.environment:checking '/home/qc/resource/code/ros2/mowen/install/mowen_navigation' for CMake config files
[0.982s] Level 1:colcon.colcon_core.shell:create_environment_hook('mowen_navigation', 'cmake_prefix_path')
[0.982s] INFO:colcon.colcon_core.shell:Creating environment hook '/home/qc/resource/code/ros2/mowen/install/mowen_navigation/share/mowen_navigation/hook/cmake_prefix_path.ps1'
[0.983s] INFO:colcon.colcon_core.shell:Creating environment descriptor '/home/qc/resource/code/ros2/mowen/install/mowen_navigation/share/mowen_navigation/hook/cmake_prefix_path.dsv'
[0.983s] INFO:colcon.colcon_core.shell:Creating environment hook '/home/qc/resource/code/ros2/mowen/install/mowen_navigation/share/mowen_navigation/hook/cmake_prefix_path.sh'
[0.984s] Level 1:colcon.colcon_core.environment:checking '/home/qc/resource/code/ros2/mowen/install/mowen_navigation/bin'
[0.984s] Level 1:colcon.colcon_core.environment:checking '/home/qc/resource/code/ros2/mowen/install/mowen_navigation/lib/pkgconfig/mowen_navigation.pc'
[0.984s] Level 1:colcon.colcon_core.environment:checking '/home/qc/resource/code/ros2/mowen/install/mowen_navigation/lib/python3.12/site-packages'
[0.984s] Level 1:colcon.colcon_core.environment:checking '/home/qc/resource/code/ros2/mowen/install/mowen_navigation/bin'
[0.984s] INFO:colcon.colcon_core.shell:Creating package script '/home/qc/resource/code/ros2/mowen/install/mowen_navigation/share/mowen_navigation/package.ps1'
[0.985s] INFO:colcon.colcon_core.shell:Creating package descriptor '/home/qc/resource/code/ros2/mowen/install/mowen_navigation/share/mowen_navigation/package.dsv'
[0.985s] INFO:colcon.colcon_core.shell:Creating package script '/home/qc/resource/code/ros2/mowen/install/mowen_navigation/share/mowen_navigation/package.sh'
[0.986s] INFO:colcon.colcon_core.shell:Creating package script '/home/qc/resource/code/ros2/mowen/install/mowen_navigation/share/mowen_navigation/package.bash'
[0.986s] INFO:colcon.colcon_core.shell:Creating package script '/home/qc/resource/code/ros2/mowen/install/mowen_navigation/share/mowen_navigation/package.zsh'
[0.987s] Level 1:colcon.colcon_core.environment:create_file_with_runtime_dependencies(/home/qc/resource/code/ros2/mowen/install/mowen_navigation/share/colcon-core/packages/mowen_navigation)
[0.987s] Level 1:colcon.colcon_core.environment:create_environment_scripts_only(mowen_navigation)
[0.987s] Level 1:colcon.colcon_core.environment:checking '/home/qc/resource/code/ros2/mowen/install/mowen_navigation' for CMake module files
[0.988s] Level 1:colcon.colcon_core.environment:checking '/home/qc/resource/code/ros2/mowen/install/mowen_navigation' for CMake config files
[0.988s] Level 1:colcon.colcon_core.shell:create_environment_hook('mowen_navigation', 'cmake_prefix_path')
[0.988s] INFO:colcon.colcon_core.shell:Creating environment hook '/home/qc/resource/code/ros2/mowen/install/mowen_navigation/share/mowen_navigation/hook/cmake_prefix_path.ps1'
[0.988s] INFO:colcon.colcon_core.shell:Creating environment descriptor '/home/qc/resource/code/ros2/mowen/install/mowen_navigation/share/mowen_navigation/hook/cmake_prefix_path.dsv'
[0.988s] INFO:colcon.colcon_core.shell:Creating environment hook '/home/qc/resource/code/ros2/mowen/install/mowen_navigation/share/mowen_navigation/hook/cmake_prefix_path.sh'
[0.989s] Level 1:colcon.colcon_core.environment:checking '/home/qc/resource/code/ros2/mowen/install/mowen_navigation/bin'
[0.989s] Level 1:colcon.colcon_core.environment:checking '/home/qc/resource/code/ros2/mowen/install/mowen_navigation/lib/pkgconfig/mowen_navigation.pc'
[0.989s] Level 1:colcon.colcon_core.environment:checking '/home/qc/resource/code/ros2/mowen/install/mowen_navigation/lib/python3.12/site-packages'
[0.989s] Level 1:colcon.colcon_core.environment:checking '/home/qc/resource/code/ros2/mowen/install/mowen_navigation/bin'
[0.989s] INFO:colcon.colcon_core.shell:Creating package script '/home/qc/resource/code/ros2/mowen/install/mowen_navigation/share/mowen_navigation/package.ps1'
[0.989s] INFO:colcon.colcon_core.shell:Creating package descriptor '/home/qc/resource/code/ros2/mowen/install/mowen_navigation/share/mowen_navigation/package.dsv'
[0.990s] INFO:colcon.colcon_core.shell:Creating package script '/home/qc/resource/code/ros2/mowen/install/mowen_navigation/share/mowen_navigation/package.sh'
[0.990s] INFO:colcon.colcon_core.shell:Creating package script '/home/qc/resource/code/ros2/mowen/install/mowen_navigation/share/mowen_navigation/package.bash'
[0.990s] INFO:colcon.colcon_core.shell:Creating package script '/home/qc/resource/code/ros2/mowen/install/mowen_navigation/share/mowen_navigation/package.zsh'
[0.990s] Level 1:colcon.colcon_core.environment:create_file_with_runtime_dependencies(/home/qc/resource/code/ros2/mowen/install/mowen_navigation/share/colcon-core/packages/mowen_navigation)
[0.990s] DEBUG:colcon.colcon_parallel_executor.executor.parallel:closing loop
[0.990s] DEBUG:colcon.colcon_parallel_executor.executor.parallel:loop closed
[0.990s] DEBUG:colcon.colcon_parallel_executor.executor.parallel:run_until_complete finished with '0'
[0.990s] DEBUG:colcon.colcon_core.event_reactor:joining thread
[0.994s] INFO:colcon.colcon_core.plugin_system:Skipping extension 'colcon_notification.desktop_notification.terminal_notifier': Not used on non-Darwin systems
[0.994s] INFO:colcon.colcon_core.plugin_system:Skipping extension 'colcon_notification.desktop_notification.win32': Not used on non-Windows systems
[0.994s] INFO:colcon.colcon_notification.desktop_notification:Sending desktop notification using 'notify2'
[1.004s] DEBUG:colcon.colcon_core.event_reactor:joined thread
[1.004s] INFO:colcon.colcon_core.shell:Creating prefix script '/home/qc/resource/code/ros2/mowen/install/local_setup.ps1'
[1.005s] INFO:colcon.colcon_core.shell:Creating prefix util module '/home/qc/resource/code/ros2/mowen/install/_local_setup_util_ps1.py'
[1.006s] INFO:colcon.colcon_core.shell:Creating prefix chain script '/home/qc/resource/code/ros2/mowen/install/setup.ps1'
[1.007s] INFO:colcon.colcon_core.shell:Creating prefix script '/home/qc/resource/code/ros2/mowen/install/local_setup.sh'
[1.007s] INFO:colcon.colcon_core.shell:Creating prefix util module '/home/qc/resource/code/ros2/mowen/install/_local_setup_util_sh.py'
[1.008s] INFO:colcon.colcon_core.shell:Creating prefix chain script '/home/qc/resource/code/ros2/mowen/install/setup.sh'
[1.009s] INFO:colcon.colcon_core.shell:Creating prefix script '/home/qc/resource/code/ros2/mowen/install/local_setup.bash'
[1.009s] INFO:colcon.colcon_core.shell:Creating prefix chain script '/home/qc/resource/code/ros2/mowen/install/setup.bash'
[1.010s] INFO:colcon.colcon_core.shell:Creating prefix script '/home/qc/resource/code/ros2/mowen/install/local_setup.zsh'
[1.010s] INFO:colcon.colcon_core.shell:Creating prefix chain script '/home/qc/resource/code/ros2/mowen/install/setup.zsh'
