-- Install configuration: ""
-- Up-to-date: /home/qc/resource/code/ros2/mowen/install/mowen_navigation/share/mowen_navigation/config
-- Installing: /home/qc/resource/code/ros2/mowen/install/mowen_navigation/share/mowen_navigation/config/nav2_params.yaml
-- Up-to-date: /home/qc/resource/code/ros2/mowen/install/mowen_navigation/share/mowen_navigation/launch
-- Installing: /home/qc/resource/code/ros2/mowen/install/mowen_navigation/share/mowen_navigation/launch/navigation.launch.py
-- Up-to-date: /home/qc/resource/code/ros2/mowen/install/mowen_navigation/share/mowen_navigation/map
-- Up-to-date: /home/qc/resource/code/ros2/mowen/install/mowen_navigation/share/mowen_navigation/map/map.pgm
-- Up-to-date: /home/qc/resource/code/ros2/mowen/install/mowen_navigation/share/mowen_navigation/map/map.yaml
-- Up-to-date: /home/qc/resource/code/ros2/mowen/install/mowen_navigation/share/ament_index/resource_index/package_run_dependencies/mowen_navigation
-- Up-to-date: /home/qc/resource/code/ros2/mowen/install/mowen_navigation/share/ament_index/resource_index/parent_prefix_path/mowen_navigation
-- Up-to-date: /home/qc/resource/code/ros2/mowen/install/mowen_navigation/share/mowen_navigation/environment/ament_prefix_path.sh
-- Up-to-date: /home/qc/resource/code/ros2/mowen/install/mowen_navigation/share/mowen_navigation/environment/ament_prefix_path.dsv
-- Up-to-date: /home/qc/resource/code/ros2/mowen/install/mowen_navigation/share/mowen_navigation/environment/path.sh
-- Up-to-date: /home/qc/resource/code/ros2/mowen/install/mowen_navigation/share/mowen_navigation/environment/path.dsv
-- Up-to-date: /home/qc/resource/code/ros2/mowen/install/mowen_navigation/share/mowen_navigation/local_setup.bash
-- Up-to-date: /home/qc/resource/code/ros2/mowen/install/mowen_navigation/share/mowen_navigation/local_setup.sh
-- Up-to-date: /home/qc/resource/code/ros2/mowen/install/mowen_navigation/share/mowen_navigation/local_setup.zsh
-- Up-to-date: /home/qc/resource/code/ros2/mowen/install/mowen_navigation/share/mowen_navigation/local_setup.dsv
-- Up-to-date: /home/qc/resource/code/ros2/mowen/install/mowen_navigation/share/mowen_navigation/package.dsv
-- Up-to-date: /home/qc/resource/code/ros2/mowen/install/mowen_navigation/share/ament_index/resource_index/packages/mowen_navigation
-- Up-to-date: /home/qc/resource/code/ros2/mowen/install/mowen_navigation/share/mowen_navigation/cmake/mowen_navigationConfig.cmake
-- Up-to-date: /home/qc/resource/code/ros2/mowen/install/mowen_navigation/share/mowen_navigation/cmake/mowen_navigationConfig-version.cmake
-- Up-to-date: /home/qc/resource/code/ros2/mowen/install/mowen_navigation/share/mowen_navigation/package.xml
