[0.009s] Invoking command in '/home/qc/resource/code/ros2/mowen/build/mowen_navigation': CMAKE_PREFIX_PATH=${CMAKE_PREFIX_PATH}:/opt/ros/jazzy DEBUGINFOD_URLS=https://debuginfod.ubuntu.com /usr/bin/cmake --build /home/qc/resource/code/ros2/mowen/build/mowen_navigation -- -j32 -l32
[0.056s] Invoked command in '/home/qc/resource/code/ros2/mowen/build/mowen_navigation' returned '0': CMAKE_PREFIX_PATH=${CMAKE_PREFIX_PATH}:/opt/ros/jazzy DEBUGINFOD_URLS=https://debuginfod.ubuntu.com /usr/bin/cmake --build /home/qc/resource/code/ros2/mowen/build/mowen_navigation -- -j32 -l32
[0.066s] Invoking command in '/home/qc/resource/code/ros2/mowen/build/mowen_navigation': CMAKE_PREFIX_PATH=${CMAKE_PREFIX_PATH}:/opt/ros/jazzy DEBUGINFOD_URLS=https://debuginfod.ubuntu.com /usr/bin/cmake --install /home/qc/resource/code/ros2/mowen/build/mowen_navigation
[0.075s] -- Install configuration: ""
[0.075s] -- Up-to-date: /home/qc/resource/code/ros2/mowen/install/mowen_navigation/share/mowen_navigation/config
[0.075s] -- Installing: /home/qc/resource/code/ros2/mowen/install/mowen_navigation/share/mowen_navigation/config/nav2_params.yaml
[0.076s] -- Up-to-date: /home/qc/resource/code/ros2/mowen/install/mowen_navigation/share/mowen_navigation/launch
[0.076s] -- Installing: /home/qc/resource/code/ros2/mowen/install/mowen_navigation/share/mowen_navigation/launch/navigation.launch.py
[0.076s] -- Up-to-date: /home/qc/resource/code/ros2/mowen/install/mowen_navigation/share/mowen_navigation/map
[0.076s] -- Up-to-date: /home/qc/resource/code/ros2/mowen/install/mowen_navigation/share/mowen_navigation/map/map.pgm
[0.076s] -- Up-to-date: /home/qc/resource/code/ros2/mowen/install/mowen_navigation/share/mowen_navigation/map/map.yaml
[0.076s] -- Up-to-date: /home/qc/resource/code/ros2/mowen/install/mowen_navigation/share/ament_index/resource_index/package_run_dependencies/mowen_navigation
[0.076s] -- Up-to-date: /home/qc/resource/code/ros2/mowen/install/mowen_navigation/share/ament_index/resource_index/parent_prefix_path/mowen_navigation
[0.076s] -- Up-to-date: /home/qc/resource/code/ros2/mowen/install/mowen_navigation/share/mowen_navigation/environment/ament_prefix_path.sh
[0.077s] -- Up-to-date: /home/qc/resource/code/ros2/mowen/install/mowen_navigation/share/mowen_navigation/environment/ament_prefix_path.dsv
[0.077s] -- Up-to-date: /home/qc/resource/code/ros2/mowen/install/mowen_navigation/share/mowen_navigation/environment/path.sh
[0.077s] -- Up-to-date: /home/qc/resource/code/ros2/mowen/install/mowen_navigation/share/mowen_navigation/environment/path.dsv
[0.077s] -- Up-to-date: /home/qc/resource/code/ros2/mowen/install/mowen_navigation/share/mowen_navigation/local_setup.bash
[0.077s] -- Up-to-date: /home/qc/resource/code/ros2/mowen/install/mowen_navigation/share/mowen_navigation/local_setup.sh
[0.077s] -- Up-to-date: /home/qc/resource/code/ros2/mowen/install/mowen_navigation/share/mowen_navigation/local_setup.zsh
[0.077s] -- Up-to-date: /home/qc/resource/code/ros2/mowen/install/mowen_navigation/share/mowen_navigation/local_setup.dsv
[0.077s] -- Up-to-date: /home/qc/resource/code/ros2/mowen/install/mowen_navigation/share/mowen_navigation/package.dsv
[0.077s] -- Up-to-date: /home/qc/resource/code/ros2/mowen/install/mowen_navigation/share/ament_index/resource_index/packages/mowen_navigation
[0.077s] -- Up-to-date: /home/qc/resource/code/ros2/mowen/install/mowen_navigation/share/mowen_navigation/cmake/mowen_navigationConfig.cmake
[0.077s] -- Up-to-date: /home/qc/resource/code/ros2/mowen/install/mowen_navigation/share/mowen_navigation/cmake/mowen_navigationConfig-version.cmake
[0.077s] -- Up-to-date: /home/qc/resource/code/ros2/mowen/install/mowen_navigation/share/mowen_navigation/package.xml
[0.078s] Invoked command in '/home/qc/resource/code/ros2/mowen/build/mowen_navigation' returned '0': CMAKE_PREFIX_PATH=${CMAKE_PREFIX_PATH}:/opt/ros/jazzy DEBUGINFOD_URLS=https://debuginfod.ubuntu.com /usr/bin/cmake --install /home/qc/resource/code/ros2/mowen/build/mowen_navigation
