[0.006s] Invoking command in '/home/qcqc/resource/code/ros/CL/mowen/build/mowen_cartographer': CMAKE_PREFIX_PATH=${CMAKE_PREFIX_PATH}:/opt/ros/jazzy CONDA_PROMPT_MODIFIER=(base) DEBUGINFOD_URLS=https://debuginfod.ubuntu.com /usr/bin/cmake /home/qcqc/resource/code/ros/CL/mowen/src/mowen_cartographer -DAMENT_CMAKE_SYMLINK_INSTALL=1 -DCMAKE_INSTALL_PREFIX=/home/qcqc/resource/code/ros/CL/mowen/install/mowen_cartographer
[0.050s] -- The C compiler identification is GNU 13.3.0
[0.097s] -- The CXX compiler identification is GNU 13.3.0
[0.105s] -- Detecting C compiler ABI info
[0.143s] -- Detecting C compiler ABI info - done
[0.148s] -- Check for working C compiler: /usr/bin/cc - skipped
[0.148s] -- Detecting C compile features
[0.148s] -- Detecting C compile features - done
[0.152s] -- Detecting CXX compiler ABI info
[0.188s] -- Detecting CXX compiler ABI info - done
[0.193s] -- Check for working CXX compiler: /usr/bin/c++ - skipped
[0.193s] -- Detecting CXX compile features
[0.193s] -- Detecting CXX compile features - done
[0.199s] -- Found ament_cmake: 2.5.6 (/opt/ros/jazzy/share/ament_cmake/cmake)
[0.280s] -- Found Python3: /home/qcqc/miniconda3/bin/python3 (found version "3.13.12") found components: Interpreter 
[0.316s] -- Override CMake install command with custom implementation using symlinks instead of copying resources
[0.344s] Traceback (most recent call last):
[0.345s]   File "/opt/ros/jazzy/share/ament_cmake_core/cmake/core/package_xml_2_cmake.py", line 22, in <module>
[0.345s]     from catkin_pkg.package import parse_package_string
[0.345s] ModuleNotFoundError: No module named 'catkin_pkg'
[0.347s] [31mCMake Error at /opt/ros/jazzy/share/ament_cmake_core/cmake/core/ament_package_xml.cmake:95 (message):
[0.347s]   execute_process(/home/qcqc/miniconda3/bin/python3
[0.347s]   /opt/ros/jazzy/share/ament_cmake_core/cmake/core/package_xml_2_cmake.py
[0.347s]   /home/qcqc/resource/code/ros/CL/mowen/src/mowen_cartographer/package.xml
[0.348s]   /home/qcqc/resource/code/ros/CL/mowen/build/mowen_cartographer/ament_cmake_core/package.cmake)
[0.348s]   returned error code 1
[0.348s] Call Stack (most recent call first):
[0.348s]   /opt/ros/jazzy/share/ament_cmake_core/cmake/core/ament_package_xml.cmake:49 (_ament_package_xml)
[0.348s]   /opt/ros/jazzy/share/ament_cmake_core/cmake/core/ament_package.cmake:63 (ament_package_xml)
[0.348s]   CMakeLists.txt:13 (ament_package)
[0.348s] 
[0.348s] [0m
[0.348s] -- Configuring incomplete, errors occurred!
[0.350s] Invoked command in '/home/qcqc/resource/code/ros/CL/mowen/build/mowen_cartographer' returned '1': CMAKE_PREFIX_PATH=${CMAKE_PREFIX_PATH}:/opt/ros/jazzy CONDA_PROMPT_MODIFIER=(base) DEBUGINFOD_URLS=https://debuginfod.ubuntu.com /usr/bin/cmake /home/qcqc/resource/code/ros/CL/mowen/src/mowen_cartographer -DAMENT_CMAKE_SYMLINK_INSTALL=1 -DCMAKE_INSTALL_PREFIX=/home/qcqc/resource/code/ros/CL/mowen/install/mowen_cartographer
