[0.004s] Invoking command in '/home/qcqc/resource/code/ros/CL/mowen/build/mowen_gazebo': CMAKE_PREFIX_PATH=${CMAKE_PREFIX_PATH}:/opt/ros/jazzy CONDA_PROMPT_MODIFIER=(base) DEBUGINFOD_URLS=https://debuginfod.ubuntu.com /usr/bin/cmake /home/qcqc/resource/code/ros/CL/mowen/src/mowen_gazebo -DAMENT_CMAKE_SYMLINK_INSTALL=1 -DCMAKE_INSTALL_PREFIX=/home/qcqc/resource/code/ros/CL/mowen/install/mowen_gazebo
[0.047s] -- The C compiler identification is GNU 13.3.0
[0.094s] -- The CXX compiler identification is GNU 13.3.0
[0.102s] -- Detecting C compiler ABI info
[0.140s] -- Detecting C compiler ABI info - done
[0.144s] -- Check for working C compiler: /usr/bin/cc - skipped
[0.145s] -- Detecting C compile features
[0.145s] -- Detecting C compile features - done
[0.149s] -- Detecting CXX compiler ABI info
[0.185s] -- Detecting CXX compiler ABI info - done
[0.190s] -- Check for working CXX compiler: /usr/bin/c++ - skipped
[0.190s] -- Detecting CXX compile features
[0.190s] -- Detecting CXX compile features - done
[0.196s] -- Found ament_cmake: 2.5.6 (/opt/ros/jazzy/share/ament_cmake/cmake)
[0.277s] -- Found Python3: /home/qcqc/miniconda3/bin/python3 (found version "3.13.12") found components: Interpreter 
[0.312s] -- Override CMake install command with custom implementation using symlinks instead of copying resources
[0.341s] Traceback (most recent call last):
[0.342s]   File "/opt/ros/jazzy/share/ament_cmake_core/cmake/core/package_xml_2_cmake.py", line 22, in <module>
[0.342s]     from catkin_pkg.package import parse_package_string
[0.342s] ModuleNotFoundError: No module named 'catkin_pkg'
[0.344s] [31mCMake Error at /opt/ros/jazzy/share/ament_cmake_core/cmake/core/ament_package_xml.cmake:95 (message):
[0.344s]   execute_process(/home/qcqc/miniconda3/bin/python3
[0.344s]   /opt/ros/jazzy/share/ament_cmake_core/cmake/core/package_xml_2_cmake.py
[0.345s] -- Configuring incomplete, errors occurred!
[0.345s]   /home/qcqc/resource/code/ros/CL/mowen/src/mowen_gazebo/package.xml
[0.345s]   /home/qcqc/resource/code/ros/CL/mowen/build/mowen_gazebo/ament_cmake_core/package.cmake)
[0.345s]   returned error code 1
[0.345s] Call Stack (most recent call first):
[0.345s]   /opt/ros/jazzy/share/ament_cmake_core/cmake/core/ament_package_xml.cmake:49 (_ament_package_xml)
[0.345s]   /opt/ros/jazzy/share/ament_cmake_core/cmake/core/ament_package.cmake:63 (ament_package_xml)
[0.345s]   CMakeLists.txt:14 (ament_package)
[0.345s] 
[0.345s] [0m
[0.347s] Invoked command in '/home/qcqc/resource/code/ros/CL/mowen/build/mowen_gazebo' returned '1': CMAKE_PREFIX_PATH=${CMAKE_PREFIX_PATH}:/opt/ros/jazzy CONDA_PROMPT_MODIFIER=(base) DEBUGINFOD_URLS=https://debuginfod.ubuntu.com /usr/bin/cmake /home/qcqc/resource/code/ros/CL/mowen/src/mowen_gazebo -DAMENT_CMAKE_SYMLINK_INSTALL=1 -DCMAKE_INSTALL_PREFIX=/home/qcqc/resource/code/ros/CL/mowen/install/mowen_gazebo
